2026-05-16 19:38:11 [restartedMain] INFO  c.r.d.DocumentServiceApplication - Starting DocumentServiceApplication using Java 25 with PID 3160 (C:\Users\AM-FX4100\Documents\GitHub\LeaseFlow\documentService\target\classes started by AM-FX4100 in C:\Users\AM-FX4100\Documents\GitHub\LeaseFlow)
2026-05-16 19:38:11 [restartedMain] DEBUG c.r.d.DocumentServiceApplication - Running with Spring Boot v3.5.6, Spring v6.2.11
2026-05-16 19:38:11 [restartedMain] INFO  c.r.d.DocumentServiceApplication - No active profile set, falling back to 1 default profile: "default"
2026-05-16 19:38:11 [restartedMain] INFO  o.s.b.d.e.DevToolsPropertyDefaultsPostProcessor - Devtools property defaults active! Set 'spring.devtools.add-properties' to 'false' to disable
2026-05-16 19:38:11 [restartedMain] INFO  o.s.b.d.e.DevToolsPropertyDefaultsPostProcessor - For additional web related logging consider setting the 'logging.level.web' property to 'DEBUG'
2026-05-16 19:38:15 [restartedMain] INFO  o.s.d.r.c.RepositoryConfigurationDelegate - Bootstrapping Spring Data JPA repositories in DEFAULT mode.
2026-05-16 19:38:16 [restartedMain] INFO  o.s.d.r.c.RepositoryConfigurationDelegate - Finished Spring Data repository scanning in 299 ms. Found 3 JPA repository interfaces.
2026-05-16 19:38:19 [restartedMain] INFO  o.s.b.w.e.tomcat.TomcatWebServer - Tomcat initialized with port 8083 (http)
2026-05-16 19:38:19 [restartedMain] INFO  o.a.catalina.core.StandardService - Starting service [Tomcat]
2026-05-16 19:38:19 [restartedMain] INFO  o.a.catalina.core.StandardEngine - Starting Servlet engine: [Apache Tomcat/10.1.46]
2026-05-16 19:38:20 [restartedMain] INFO  o.a.c.c.C.[Tomcat].[localhost].[/] - Initializing Spring embedded WebApplicationContext
2026-05-16 19:38:20 [restartedMain] INFO  o.s.b.w.s.c.ServletWebServerApplicationContext - Root WebApplicationContext: initialization completed in 8428 ms
2026-05-16 19:38:20 [restartedMain] DEBUG o.s.w.f.ServerHttpObservationFilter - Filter 'webMvcObservationFilter' configured for use
2026-05-16 19:38:20 [restartedMain] DEBUG o.s.web.filter.CorsFilter - Filter 'corsFilter' configured for use
2026-05-16 19:38:21 [restartedMain] INFO  o.h.jpa.internal.util.LogHelper - HHH000204: Processing PersistenceUnitInfo [name: default]
2026-05-16 19:38:22 [restartedMain] INFO  org.hibernate.Version - HHH000412: Hibernate ORM core version 6.6.29.Final
2026-05-16 19:38:23 [restartedMain] INFO  o.h.c.i.RegionFactoryInitiator - HHH000026: Second-level cache disabled
2026-05-16 19:38:26 [restartedMain] INFO  o.s.o.j.p.SpringPersistenceUnitInfo - No LoadTimeWeaver setup: ignoring JPA class transformer
2026-05-16 19:38:27 [restartedMain] INFO  com.zaxxer.hikari.HikariDataSource - HikariPool-1 - Starting...
2026-05-16 19:38:27 [restartedMain] INFO  com.zaxxer.hikari.pool.HikariPool - HikariPool-1 - Added connection com.mysql.cj.jdbc.ConnectionImpl@36b25499
2026-05-16 19:38:27 [restartedMain] INFO  com.zaxxer.hikari.HikariDataSource - HikariPool-1 - Start completed.
2026-05-16 19:38:27 [restartedMain] WARN  org.hibernate.orm.deprecation - HHH90000025: MySQL8Dialect does not need to be specified explicitly using 'hibernate.dialect' (remove the property setting and it will be selected by default)
2026-05-16 19:38:27 [restartedMain] WARN  org.hibernate.orm.deprecation - HHH90000026: MySQL8Dialect has been deprecated; use org.hibernate.dialect.MySQLDialect instead
2026-05-16 19:38:27 [restartedMain] INFO  o.hibernate.orm.connections.pooling - HHH10001005: Database info:
	Database JDBC URL [Connecting through datasource 'HikariDataSource (HikariPool-1)']
	Database driver: undefined/unknown
	Database version: 8.0
	Autocommit mode: undefined/unknown
	Isolation level: undefined/unknown
	Minimum pool size: undefined/unknown
	Maximum pool size: undefined/unknown
2026-05-16 19:38:33 [restartedMain] INFO  o.h.e.t.j.p.i.JtaPlatformInitiator - HHH000489: No JTA platform available (set 'hibernate.transaction.jta.platform' to enable JTA platform integration)
2026-05-16 19:38:34 [restartedMain] DEBUG org.hibernate.SQL - 
    create table documentos (
        id bigint not null auto_increment,
        estado_id bigint not null,
        f_actualizacion datetime(6),
        f_subido datetime(6) not null,
        nombre varchar(60) not null,
        observaciones varchar(500),
        revisado_por bigint,
        tipo_doc_id bigint not null,
        usuarios_id bigint not null,
        primary key (id)
    ) engine=InnoDB
2026-05-16 19:38:34 [restartedMain] DEBUG org.hibernate.SQL - 
    create table estado (
        id bigint not null auto_increment,
        nombre varchar(20) not null,
        primary key (id)
    ) engine=InnoDB
2026-05-16 19:38:34 [restartedMain] DEBUG org.hibernate.SQL - 
    create table tipo_doc (
        id bigint not null auto_increment,
        nombre varchar(60) not null,
        primary key (id)
    ) engine=InnoDB
2026-05-16 19:38:34 [restartedMain] INFO  o.s.o.j.LocalContainerEntityManagerFactoryBean - Initialized JPA EntityManagerFactory for persistence unit 'default'
2026-05-16 19:38:35 [restartedMain] INFO  o.s.d.j.r.query.QueryEnhancerFactory - Hibernate is in classpath; If applicable, HQL parser will be used.
2026-05-16 19:38:37 [restartedMain] WARN  o.s.b.a.o.j.JpaBaseConfiguration$JpaWebConfiguration - spring.jpa.open-in-view is enabled by default. Therefore, database queries may be performed during view rendering. Explicitly configure spring.jpa.open-in-view to disable this warning
2026-05-16 19:38:37 [restartedMain] DEBUG o.s.w.s.m.m.a.RequestMappingHandlerMapping - 25 mappings in 'requestMappingHandlerMapping'
2026-05-16 19:38:37 [restartedMain] DEBUG o.s.w.s.h.SimpleUrlHandlerMapping - Patterns [/webjars/**, /**, /swagger-ui*/*swagger-initializer.js, /swagger-ui*/**] in 'resourceHandlerMapping'
2026-05-16 19:38:37 [restartedMain] DEBUG o.s.w.s.m.m.a.RequestMappingHandlerAdapter - ControllerAdvice beans: 0 @ModelAttribute, 0 @InitBinder, 1 RequestBodyAdvice, 1 ResponseBodyAdvice
2026-05-16 19:38:37 [restartedMain] DEBUG o.s.w.s.m.m.a.ExceptionHandlerExceptionResolver - ControllerAdvice beans: 2 @ExceptionHandler, 1 ResponseBodyAdvice
2026-05-16 19:38:38 [restartedMain] WARN  o.s.b.d.a.OptionalLiveReloadServer - Unable to start LiveReload server
2026-05-16 19:38:38 [restartedMain] INFO  o.s.b.a.e.web.EndpointLinksResolver - Exposing 3 endpoints beneath base path '/actuator'
2026-05-16 19:38:38 [restartedMain] INFO  o.s.b.w.e.tomcat.TomcatWebServer - Tomcat started on port 8083 (http) with context path '/'
2026-05-16 19:38:38 [restartedMain] INFO  c.r.d.DocumentServiceApplication - Started DocumentServiceApplication in 28.449 seconds (process running for 33.71)
2026-05-16 19:38:39 [restartedMain] INFO  c.r.d.config.DataInitializerConfig - ========================================================
2026-05-16 19:38:39 [restartedMain] INFO  c.r.d.config.DataInitializerConfig - INICIANDO POBLADO DE DATOS MAESTROS - DOCUMENT SERVICE
2026-05-16 19:38:39 [restartedMain] INFO  c.r.d.config.DataInitializerConfig - ========================================================
2026-05-16 19:38:39 [restartedMain] INFO  c.r.d.config.DataInitializerConfig - Verificando estados de documentos...
2026-05-16 19:38:39 [restartedMain] DEBUG org.hibernate.SQL - 
    select
        count(*) 
    from
        estado e1_0
2026-05-16 19:38:39 [restartedMain] INFO  c.r.d.config.DataInitializerConfig - Estados ya existen (4 registros). Saltando inicializacion.
2026-05-16 19:38:39 [restartedMain] INFO  c.r.d.config.DataInitializerConfig - Verificando tipos de documentos...
2026-05-16 19:38:39 [restartedMain] DEBUG org.hibernate.SQL - 
    select
        count(*) 
    from
        tipo_doc td1_0
2026-05-16 19:38:39 [restartedMain] INFO  c.r.d.config.DataInitializerConfig - Tipos de documento ya existen (6 registros). Saltando inicializacion.
2026-05-16 19:38:39 [restartedMain] INFO  c.r.d.config.DataInitializerConfig - ========================================================
2026-05-16 19:38:39 [restartedMain] INFO  c.r.d.config.DataInitializerConfig - INICIALIZACION COMPLETADA - DOCUMENT SERVICE
2026-05-16 19:38:39 [restartedMain] INFO  c.r.d.config.DataInitializerConfig - ========================================================
2026-05-16 19:38:39 [restartedMain] INFO  c.r.d.config.DataInitializerConfig - Resumen de datos:
2026-05-16 19:38:39 [restartedMain] DEBUG org.hibernate.SQL - 
    select
        count(*) 
    from
        estado e1_0
2026-05-16 19:38:39 [restartedMain] INFO  c.r.d.config.DataInitializerConfig -   - Estados: 4 registros
2026-05-16 19:38:39 [restartedMain] DEBUG org.hibernate.SQL - 
    select
        count(*) 
    from
        tipo_doc td1_0
2026-05-16 19:38:39 [restartedMain] INFO  c.r.d.config.DataInitializerConfig -   - Tipos de Documento: 6 registros
2026-05-16 19:38:39 [restartedMain] INFO  c.r.d.config.DataInitializerConfig - ========================================================
2026-05-16 19:38:39 [restartedMain] INFO  c.r.d.config.DataInitializerConfig - Document Service listo para recibir peticiones
2026-05-16 19:38:39 [restartedMain] INFO  c.r.d.config.DataInitializerConfig - Puerto: 8083
2026-05-16 19:38:39 [restartedMain] INFO  c.r.d.config.DataInitializerConfig - Swagger UI: http://localhost:8083/swagger-ui/index.html
2026-05-16 19:38:39 [restartedMain] INFO  c.r.d.config.DataInitializerConfig - ========================================================
2026-05-16 19:38:39 [restartedMain] INFO  c.r.d.c.DocumentoDataInitializer - ========================================================
2026-05-16 19:38:39 [restartedMain] INFO  c.r.d.c.DocumentoDataInitializer - VERIFICANDO DOCUMENTOS DE PRUEBA - DOCUMENT SERVICE
2026-05-16 19:38:39 [restartedMain] INFO  c.r.d.c.DocumentoDataInitializer - ========================================================
2026-05-16 19:38:39 [restartedMain] DEBUG org.hibernate.SQL - 
    select
        count(*) 
    from
        documentos d1_0
2026-05-16 19:38:39 [restartedMain] DEBUG org.hibernate.SQL - 
    select
        count(*) 
    from
        estado e1_0
2026-05-16 19:38:39 [restartedMain] DEBUG org.hibernate.SQL - 
    select
        count(*) 
    from
        tipo_doc td1_0
2026-05-16 19:38:39 [restartedMain] INFO  c.r.d.c.DocumentoDataInitializer - Creando documentos de prueba...
2026-05-16 19:38:39 [restartedMain] DEBUG org.hibernate.SQL - 
    select
        e1_0.id,
        e1_0.nombre 
    from
        estado e1_0 
    where
        e1_0.nombre=?
2026-05-16 19:38:41 [restartedMain] DEBUG org.hibernate.SQL - 
    select
        e1_0.id,
        e1_0.nombre 
    from
        estado e1_0 
    where
        e1_0.nombre=?
2026-05-16 19:38:41 [restartedMain] DEBUG org.hibernate.SQL - 
    select
        e1_0.id,
        e1_0.nombre 
    from
        estado e1_0 
    where
        e1_0.nombre=?
2026-05-16 19:38:41 [restartedMain] DEBUG org.hibernate.SQL - 
    select
        td1_0.id,
        td1_0.nombre 
    from
        tipo_doc td1_0 
    where
        td1_0.nombre=?
2026-05-16 19:38:41 [restartedMain] DEBUG org.hibernate.SQL - 
    select
        td1_0.id,
        td1_0.nombre 
    from
        tipo_doc td1_0 
    where
        td1_0.nombre=?
2026-05-16 19:38:41 [restartedMain] DEBUG org.hibernate.SQL - 
    select
        td1_0.id,
        td1_0.nombre 
    from
        tipo_doc td1_0 
    where
        td1_0.nombre=?
2026-05-16 19:38:41 [restartedMain] DEBUG org.hibernate.SQL - 
    select
        td1_0.id,
        td1_0.nombre 
    from
        tipo_doc td1_0 
    where
        td1_0.nombre=?
2026-05-16 19:38:41 [restartedMain] DEBUG org.hibernate.SQL - 
    select
        td1_0.id,
        td1_0.nombre 
    from
        tipo_doc td1_0 
    where
        td1_0.nombre=?
2026-05-16 19:38:41 [restartedMain] INFO  c.r.d.c.DocumentoDataInitializer - Creando documentos para Usuario 1 (ADMIN)...
2026-05-16 19:38:42 [restartedMain] DEBUG org.hibernate.SQL - 
    insert 
    into
        documentos
        (estado_id, f_actualizacion, f_subido, nombre, observaciones, revisado_por, tipo_doc_id, usuarios_id) 
    values
        (?, ?, ?, ?, ?, ?, ?, ?)
2026-05-16 19:38:42 [restartedMain] DEBUG c.r.d.c.DocumentoDataInitializer -   - Creado: DNI_Diego_Olaver.pdf (Usuario: 1, Estado: 2, Tipo: 1)
2026-05-16 19:38:42 [restartedMain] DEBUG org.hibernate.SQL - 
    insert 
    into
        documentos
        (estado_id, f_actualizacion, f_subido, nombre, observaciones, revisado_por, tipo_doc_id, usuarios_id) 
    values
        (?, ?, ?, ?, ?, ?, ?, ?)
2026-05-16 19:38:43 [restartedMain] DEBUG c.r.d.c.DocumentoDataInitializer -   - Creado: Liquidacion_Sueldo_Octubre_2025.pdf (Usuario: 1, Estado: 2, Tipo: 3)
2026-05-16 19:38:43 [restartedMain] DEBUG org.hibernate.SQL - 
    insert 
    into
        documentos
        (estado_id, f_actualizacion, f_subido, nombre, observaciones, revisado_por, tipo_doc_id, usuarios_id) 
    values
        (?, ?, ?, ?, ?, ?, ?, ?)
2026-05-16 19:38:43 [restartedMain] DEBUG c.r.d.c.DocumentoDataInitializer -   - Creado: Certificado_Antecedentes_2025.pdf (Usuario: 1, Estado: 2, Tipo: 4)
2026-05-16 19:38:43 [restartedMain] INFO  c.r.d.c.DocumentoDataInitializer - Creando documentos para Usuario 2 (PROPIETARIO)...
2026-05-16 19:38:43 [restartedMain] DEBUG org.hibernate.SQL - 
    insert 
    into
        documentos
        (estado_id, f_actualizacion, f_subido, nombre, observaciones, revisado_por, tipo_doc_id, usuarios_id) 
    values
        (?, ?, ?, ?, ?, ?, ?, ?)
2026-05-16 19:38:43 [restartedMain] DEBUG c.r.d.c.DocumentoDataInitializer -   - Creado: DNI_Fabian_Gonzalez.pdf (Usuario: 2, Estado: 2, Tipo: 1)
2026-05-16 19:38:43 [restartedMain] DEBUG org.hibernate.SQL - 
    insert 
    into
        documentos
        (estado_id, f_actualizacion, f_subido, nombre, observaciones, revisado_por, tipo_doc_id, usuarios_id) 
    values
        (?, ?, ?, ?, ?, ?, ?, ?)
2026-05-16 19:38:43 [restartedMain] DEBUG c.r.d.c.DocumentoDataInitializer -   - Creado: Certificado_Propiedad_Casa_Maipu.pdf (Usuario: 2, Estado: 2, Tipo: 6)
2026-05-16 19:38:43 [restartedMain] INFO  c.r.d.c.DocumentoDataInitializer - Creando documentos para Usuario 3 (ARRIENDATARIO)...
2026-05-16 19:38:43 [restartedMain] DEBUG org.hibernate.SQL - 
    insert 
    into
        documentos
        (estado_id, f_actualizacion, f_subido, nombre, observaciones, revisado_por, tipo_doc_id, usuarios_id) 
    values
        (?, ?, ?, ?, ?, ?, ?, ?)
2026-05-16 19:38:43 [restartedMain] DEBUG c.r.d.c.DocumentoDataInitializer -   - Creado: DNI_Juan_Perez.pdf (Usuario: 3, Estado: 2, Tipo: 1)
2026-05-16 19:38:43 [restartedMain] DEBUG org.hibernate.SQL - 
    insert 
    into
        documentos
        (estado_id, f_actualizacion, f_subido, nombre, observaciones, revisado_por, tipo_doc_id, usuarios_id) 
    values
        (?, ?, ?, ?, ?, ?, ?, ?)
2026-05-16 19:38:43 [restartedMain] DEBUG c.r.d.c.DocumentoDataInitializer -   - Creado: Liquidacion_Sueldo_Noviembre_2025.pdf (Usuario: 3, Estado: 2, Tipo: 3)
2026-05-16 19:38:43 [restartedMain] DEBUG org.hibernate.SQL - 
    insert 
    into
        documentos
        (estado_id, f_actualizacion, f_subido, nombre, observaciones, revisado_por, tipo_doc_id, usuarios_id) 
    values
        (?, ?, ?, ?, ?, ?, ?, ?)
2026-05-16 19:38:43 [restartedMain] DEBUG c.r.d.c.DocumentoDataInitializer -   - Creado: Certificado_AFP_2025.pdf (Usuario: 3, Estado: 1, Tipo: 5)
2026-05-16 19:38:43 [restartedMain] DEBUG org.hibernate.SQL - 
    insert 
    into
        documentos
        (estado_id, f_actualizacion, f_subido, nombre, observaciones, revisado_por, tipo_doc_id, usuarios_id) 
    values
        (?, ?, ?, ?, ?, ?, ?, ?)
2026-05-16 19:38:43 [restartedMain] DEBUG c.r.d.c.DocumentoDataInitializer -   - Creado: Contrato_Trabajo_Empresa_XYZ.pdf (Usuario: 3, Estado: 4, Tipo: 6)
2026-05-16 19:38:43 [restartedMain] INFO  c.r.d.c.DocumentoDataInitializer - Creando documentos para Usuario 4 (ARRIENDATARIO)...
2026-05-16 19:38:43 [restartedMain] DEBUG org.hibernate.SQL - 
    insert 
    into
        documentos
        (estado_id, f_actualizacion, f_subido, nombre, observaciones, revisado_por, tipo_doc_id, usuarios_id) 
    values
        (?, ?, ?, ?, ?, ?, ?, ?)
2026-05-16 19:38:43 [restartedMain] DEBUG c.r.d.c.DocumentoDataInitializer -   - Creado: DNI_Maria_Lopez.pdf (Usuario: 4, Estado: 2, Tipo: 1)
2026-05-16 19:38:43 [restartedMain] DEBUG org.hibernate.SQL - 
    insert 
    into
        documentos
        (estado_id, f_actualizacion, f_subido, nombre, observaciones, revisado_por, tipo_doc_id, usuarios_id) 
    values
        (?, ?, ?, ?, ?, ?, ?, ?)
2026-05-16 19:38:43 [restartedMain] DEBUG c.r.d.c.DocumentoDataInitializer -   - Creado: Liquidacion_Sueldo_Octubre_2025.pdf (Usuario: 4, Estado: 2, Tipo: 3)
2026-05-16 19:38:43 [restartedMain] DEBUG org.hibernate.SQL - 
    insert 
    into
        documentos
        (estado_id, f_actualizacion, f_subido, nombre, observaciones, revisado_por, tipo_doc_id, usuarios_id) 
    values
        (?, ?, ?, ?, ?, ?, ?, ?)
2026-05-16 19:38:43 [restartedMain] DEBUG c.r.d.c.DocumentoDataInitializer -   - Creado: Certificado_Antecedentes_Maria.pdf (Usuario: 4, Estado: 2, Tipo: 4)
2026-05-16 19:38:43 [restartedMain] INFO  c.r.d.c.DocumentoDataInitializer - Creando documentos para Usuario 5 (PROPIETARIO)...
2026-05-16 19:38:43 [restartedMain] DEBUG org.hibernate.SQL - 
    insert 
    into
        documentos
        (estado_id, f_actualizacion, f_subido, nombre, observaciones, revisado_por, tipo_doc_id, usuarios_id) 
    values
        (?, ?, ?, ?, ?, ?, ?, ?)
2026-05-16 19:38:43 [restartedMain] DEBUG c.r.d.c.DocumentoDataInitializer -   - Creado: DNI_Pedro_Ramirez.pdf (Usuario: 5, Estado: 2, Tipo: 1)
2026-05-16 19:38:43 [restartedMain] DEBUG org.hibernate.SQL - 
    insert 
    into
        documentos
        (estado_id, f_actualizacion, f_subido, nombre, observaciones, revisado_por, tipo_doc_id, usuarios_id) 
    values
        (?, ?, ?, ?, ?, ?, ?, ?)
2026-05-16 19:38:43 [restartedMain] DEBUG c.r.d.c.DocumentoDataInitializer -   - Creado: Certificado_Antecedentes_Pedro.pdf (Usuario: 5, Estado: 1, Tipo: 4)
2026-05-16 19:38:43 [restartedMain] INFO  c.r.d.c.DocumentoDataInitializer - ========================================================
2026-05-16 19:38:43 [restartedMain] INFO  c.r.d.c.DocumentoDataInitializer - DOCUMENTOS DE PRUEBA CREADOS EXITOSAMENTE
2026-05-16 19:38:43 [restartedMain] INFO  c.r.d.c.DocumentoDataInitializer - ========================================================
2026-05-16 19:38:43 [restartedMain] DEBUG org.hibernate.SQL - 
    select
        count(*) 
    from
        documentos d1_0
2026-05-16 19:38:43 [restartedMain] INFO  c.r.d.c.DocumentoDataInitializer - Total documentos creados: 14
2026-05-16 19:38:43 [restartedMain] DEBUG org.hibernate.SQL - 
    select
        count(d1_0.id) 
    from
        documentos d1_0 
    where
        d1_0.usuarios_id=?
2026-05-16 19:38:43 [restartedMain] INFO  c.r.d.c.DocumentoDataInitializer -   - Usuario 1: 3 documentos
2026-05-16 19:38:43 [restartedMain] DEBUG org.hibernate.SQL - 
    select
        count(d1_0.id) 
    from
        documentos d1_0 
    where
        d1_0.usuarios_id=?
2026-05-16 19:38:43 [restartedMain] INFO  c.r.d.c.DocumentoDataInitializer -   - Usuario 2: 2 documentos
2026-05-16 19:38:43 [restartedMain] DEBUG org.hibernate.SQL - 
    select
        count(d1_0.id) 
    from
        documentos d1_0 
    where
        d1_0.usuarios_id=?
2026-05-16 19:38:43 [restartedMain] INFO  c.r.d.c.DocumentoDataInitializer -   - Usuario 3: 4 documentos
2026-05-16 19:38:43 [restartedMain] DEBUG org.hibernate.SQL - 
    select
        count(d1_0.id) 
    from
        documentos d1_0 
    where
        d1_0.usuarios_id=?
2026-05-16 19:38:43 [restartedMain] INFO  c.r.d.c.DocumentoDataInitializer -   - Usuario 4: 3 documentos
2026-05-16 19:38:43 [restartedMain] DEBUG org.hibernate.SQL - 
    select
        count(d1_0.id) 
    from
        documentos d1_0 
    where
        d1_0.usuarios_id=?
2026-05-16 19:38:43 [restartedMain] INFO  c.r.d.c.DocumentoDataInitializer -   - Usuario 5: 2 documentos
2026-05-16 19:38:43 [restartedMain] INFO  c.r.d.c.DocumentoDataInitializer - ========================================================
2026-05-16 19:38:44 [RMI TCP Connection(1)-192.168.100.59] INFO  o.a.c.c.C.[Tomcat].[localhost].[/] - Initializing Spring DispatcherServlet 'dispatcherServlet'
2026-05-16 19:38:44 [RMI TCP Connection(1)-192.168.100.59] INFO  o.s.web.servlet.DispatcherServlet - Initializing Servlet 'dispatcherServlet'
2026-05-16 19:38:44 [RMI TCP Connection(1)-192.168.100.59] DEBUG o.s.web.servlet.DispatcherServlet - Detected StandardServletMultipartResolver
2026-05-16 19:38:44 [RMI TCP Connection(1)-192.168.100.59] DEBUG o.s.web.servlet.DispatcherServlet - Detected AcceptHeaderLocaleResolver
2026-05-16 19:38:44 [RMI TCP Connection(1)-192.168.100.59] DEBUG o.s.web.servlet.DispatcherServlet - Detected FixedThemeResolver
2026-05-16 19:38:44 [RMI TCP Connection(1)-192.168.100.59] DEBUG o.s.web.servlet.DispatcherServlet - Detected org.springframework.web.servlet.view.DefaultRequestToViewNameTranslator@6f0d01cf
2026-05-16 19:38:44 [RMI TCP Connection(1)-192.168.100.59] DEBUG o.s.web.servlet.DispatcherServlet - Detected org.springframework.web.servlet.support.SessionFlashMapManager@3ba0a0bd
2026-05-16 19:38:44 [RMI TCP Connection(1)-192.168.100.59] DEBUG o.s.web.servlet.DispatcherServlet - enableLoggingRequestDetails='false': request parameters and headers will be masked to prevent unsafe logging of potentially sensitive data
2026-05-16 19:38:44 [RMI TCP Connection(1)-192.168.100.59] INFO  o.s.web.servlet.DispatcherServlet - Completed initialization in 4 ms
2026-05-16 22:08:35 [restartedMain] INFO  c.r.d.DocumentServiceApplication - Starting DocumentServiceApplication using Java 25 with PID 360 (C:\Users\AM-FX4100\Documents\GitHub\LeaseFlow\documentService\target\classes started by AM-FX4100 in C:\Users\AM-FX4100\Documents\GitHub\LeaseFlow)
2026-05-16 22:08:35 [restartedMain] DEBUG c.r.d.DocumentServiceApplication - Running with Spring Boot v3.5.6, Spring v6.2.11
2026-05-16 22:08:35 [restartedMain] INFO  c.r.d.DocumentServiceApplication - No active profile set, falling back to 1 default profile: "default"
2026-05-16 22:08:35 [restartedMain] INFO  o.s.b.d.e.DevToolsPropertyDefaultsPostProcessor - Devtools property defaults active! Set 'spring.devtools.add-properties' to 'false' to disable
2026-05-16 22:08:35 [restartedMain] INFO  o.s.b.d.e.DevToolsPropertyDefaultsPostProcessor - For additional web related logging consider setting the 'logging.level.web' property to 'DEBUG'
2026-05-16 22:08:47 [restartedMain] INFO  o.s.d.r.c.RepositoryConfigurationDelegate - Bootstrapping Spring Data JPA repositories in DEFAULT mode.
2026-05-16 22:08:50 [restartedMain] INFO  o.s.d.r.c.RepositoryConfigurationDelegate - Finished Spring Data repository scanning in 2381 ms. Found 3 JPA repository interfaces.
2026-05-16 22:08:53 [restartedMain] INFO  o.s.b.w.e.tomcat.TomcatWebServer - Tomcat initialized with port 8083 (http)
2026-05-16 22:08:53 [restartedMain] INFO  o.a.catalina.core.StandardService - Starting service [Tomcat]
2026-05-16 22:08:53 [restartedMain] INFO  o.a.catalina.core.StandardEngine - Starting Servlet engine: [Apache Tomcat/10.1.46]
2026-05-16 22:08:54 [restartedMain] INFO  o.a.c.c.C.[Tomcat].[localhost].[/] - Initializing Spring embedded WebApplicationContext
2026-05-16 22:08:54 [restartedMain] INFO  o.s.b.w.s.c.ServletWebServerApplicationContext - Root WebApplicationContext: initialization completed in 18472 ms
2026-05-16 22:08:55 [restartedMain] DEBUG o.s.w.f.ServerHttpObservationFilter - Filter 'webMvcObservationFilter' configured for use
2026-05-16 22:08:55 [restartedMain] DEBUG o.s.web.filter.CorsFilter - Filter 'corsFilter' configured for use
2026-05-16 22:08:56 [restartedMain] INFO  o.h.jpa.internal.util.LogHelper - HHH000204: Processing PersistenceUnitInfo [name: default]
2026-05-16 22:08:59 [restartedMain] INFO  org.hibernate.Version - HHH000412: Hibernate ORM core version 6.6.29.Final
2026-05-16 22:09:02 [restartedMain] INFO  o.h.c.i.RegionFactoryInitiator - HHH000026: Second-level cache disabled
2026-05-16 22:09:09 [restartedMain] INFO  o.s.o.j.p.SpringPersistenceUnitInfo - No LoadTimeWeaver setup: ignoring JPA class transformer
2026-05-16 22:09:10 [restartedMain] INFO  com.zaxxer.hikari.HikariDataSource - HikariPool-1 - Starting...
2026-05-16 22:09:12 [restartedMain] INFO  com.zaxxer.hikari.pool.HikariPool - HikariPool-1 - Added connection com.mysql.cj.jdbc.ConnectionImpl@58265349
2026-05-16 22:09:12 [restartedMain] INFO  com.zaxxer.hikari.HikariDataSource - HikariPool-1 - Start completed.
2026-05-16 22:09:13 [restartedMain] WARN  org.hibernate.orm.deprecation - HHH90000025: MySQL8Dialect does not need to be specified explicitly using 'hibernate.dialect' (remove the property setting and it will be selected by default)
2026-05-16 22:09:13 [restartedMain] WARN  org.hibernate.orm.deprecation - HHH90000026: MySQL8Dialect has been deprecated; use org.hibernate.dialect.MySQLDialect instead
2026-05-16 22:09:13 [restartedMain] INFO  o.hibernate.orm.connections.pooling - HHH10001005: Database info:
	Database JDBC URL [Connecting through datasource 'HikariDataSource (HikariPool-1)']
	Database driver: undefined/unknown
	Database version: 8.0
	Autocommit mode: undefined/unknown
	Isolation level: undefined/unknown
	Minimum pool size: undefined/unknown
	Maximum pool size: undefined/unknown
2026-05-16 22:09:29 [restartedMain] INFO  o.h.e.t.j.p.i.JtaPlatformInitiator - HHH000489: No JTA platform available (set 'hibernate.transaction.jta.platform' to enable JTA platform integration)
2026-05-16 22:09:31 [restartedMain] INFO  o.s.o.j.LocalContainerEntityManagerFactoryBean - Initialized JPA EntityManagerFactory for persistence unit 'default'
2026-05-16 22:09:47 [restartedMain] INFO  o.s.d.j.r.query.QueryEnhancerFactory - Hibernate is in classpath; If applicable, HQL parser will be used.
2026-05-16 22:10:06 [restartedMain] WARN  o.s.b.a.o.j.JpaBaseConfiguration$JpaWebConfiguration - spring.jpa.open-in-view is enabled by default. Therefore, database queries may be performed during view rendering. Explicitly configure spring.jpa.open-in-view to disable this warning
2026-05-16 22:10:09 [restartedMain] DEBUG o.s.w.s.m.m.a.RequestMappingHandlerMapping - 25 mappings in 'requestMappingHandlerMapping'
2026-05-16 22:10:10 [restartedMain] DEBUG o.s.w.s.h.SimpleUrlHandlerMapping - Patterns [/webjars/**, /**, /swagger-ui*/*swagger-initializer.js, /swagger-ui*/**] in 'resourceHandlerMapping'
2026-05-16 22:10:11 [restartedMain] DEBUG o.s.w.s.m.m.a.RequestMappingHandlerAdapter - ControllerAdvice beans: 0 @ModelAttribute, 0 @InitBinder, 1 RequestBodyAdvice, 1 ResponseBodyAdvice
2026-05-16 22:10:13 [restartedMain] DEBUG o.s.w.s.m.m.a.ExceptionHandlerExceptionResolver - ControllerAdvice beans: 2 @ExceptionHandler, 1 ResponseBodyAdvice
2026-05-16 22:10:21 [restartedMain] WARN  o.s.b.d.a.OptionalLiveReloadServer - Unable to start LiveReload server
2026-05-16 22:10:21 [restartedMain] INFO  o.s.b.a.e.web.EndpointLinksResolver - Exposing 3 endpoints beneath base path '/actuator'
2026-05-16 22:10:31 [restartedMain] INFO  o.s.b.w.e.tomcat.TomcatWebServer - Tomcat started on port 8083 (http) with context path '/'
2026-05-16 22:10:31 [restartedMain] INFO  c.r.d.DocumentServiceApplication - Started DocumentServiceApplication in 121.007 seconds (process running for 132.294)
2026-05-16 22:10:32 [restartedMain] INFO  c.r.d.config.DataInitializerConfig - ========================================================
2026-05-16 22:10:32 [restartedMain] INFO  c.r.d.config.DataInitializerConfig - INICIANDO POBLADO DE DATOS MAESTROS - DOCUMENT SERVICE
2026-05-16 22:10:32 [restartedMain] INFO  c.r.d.config.DataInitializerConfig - ========================================================
2026-05-16 22:10:32 [restartedMain] INFO  c.r.d.config.DataInitializerConfig - Verificando estados de documentos...
2026-05-16 22:10:36 [restartedMain] DEBUG org.hibernate.SQL - 
    select
        count(*) 
    from
        estado e1_0
2026-05-16 22:10:37 [restartedMain] INFO  c.r.d.config.DataInitializerConfig - Estados ya existen (4 registros). Saltando inicializacion.
2026-05-16 22:10:37 [restartedMain] INFO  c.r.d.config.DataInitializerConfig - Verificando tipos de documentos...
2026-05-16 22:10:37 [restartedMain] DEBUG org.hibernate.SQL - 
    select
        count(*) 
    from
        tipo_doc td1_0
2026-05-16 22:10:37 [restartedMain] INFO  c.r.d.config.DataInitializerConfig - Tipos de documento ya existen (6 registros). Saltando inicializacion.
2026-05-16 22:10:37 [restartedMain] INFO  c.r.d.config.DataInitializerConfig - ========================================================
2026-05-16 22:10:37 [restartedMain] INFO  c.r.d.config.DataInitializerConfig - INICIALIZACION COMPLETADA - DOCUMENT SERVICE
2026-05-16 22:10:37 [restartedMain] INFO  c.r.d.config.DataInitializerConfig - ========================================================
2026-05-16 22:10:37 [restartedMain] INFO  c.r.d.config.DataInitializerConfig - Resumen de datos:
2026-05-16 22:10:37 [restartedMain] DEBUG org.hibernate.SQL - 
    select
        count(*) 
    from
        estado e1_0
2026-05-16 22:10:37 [restartedMain] INFO  c.r.d.config.DataInitializerConfig -   - Estados: 4 registros
2026-05-16 22:10:37 [restartedMain] DEBUG org.hibernate.SQL - 
    select
        count(*) 
    from
        tipo_doc td1_0
2026-05-16 22:10:37 [restartedMain] INFO  c.r.d.config.DataInitializerConfig -   - Tipos de Documento: 6 registros
2026-05-16 22:10:37 [restartedMain] INFO  c.r.d.config.DataInitializerConfig - ========================================================
2026-05-16 22:10:37 [restartedMain] INFO  c.r.d.config.DataInitializerConfig - Document Service listo para recibir peticiones
2026-05-16 22:10:37 [restartedMain] INFO  c.r.d.config.DataInitializerConfig - Puerto: 8083
2026-05-16 22:10:37 [restartedMain] INFO  c.r.d.config.DataInitializerConfig - Swagger UI: http://localhost:8083/swagger-ui/index.html
2026-05-16 22:10:37 [restartedMain] INFO  c.r.d.config.DataInitializerConfig - ========================================================
2026-05-16 22:10:37 [restartedMain] INFO  c.r.d.c.DocumentoDataInitializer - ========================================================
2026-05-16 22:10:37 [restartedMain] INFO  c.r.d.c.DocumentoDataInitializer - VERIFICANDO DOCUMENTOS DE PRUEBA - DOCUMENT SERVICE
2026-05-16 22:10:37 [restartedMain] INFO  c.r.d.c.DocumentoDataInitializer - ========================================================
2026-05-16 22:10:37 [restartedMain] DEBUG org.hibernate.SQL - 
    select
        count(*) 
    from
        documentos d1_0
2026-05-16 22:10:37 [restartedMain] DEBUG org.hibernate.SQL - 
    select
        count(*) 
    from
        documentos d1_0
2026-05-16 22:10:37 [restartedMain] INFO  c.r.d.c.DocumentoDataInitializer - Ya existen 14 documentos en la base de datos. Saltando inicializacion.
2026-05-16 22:10:39 [RMI TCP Connection(3)-192.168.100.59] INFO  o.a.c.c.C.[Tomcat].[localhost].[/] - Initializing Spring DispatcherServlet 'dispatcherServlet'
2026-05-16 22:10:39 [RMI TCP Connection(3)-192.168.100.59] INFO  o.s.web.servlet.DispatcherServlet - Initializing Servlet 'dispatcherServlet'
2026-05-16 22:10:39 [RMI TCP Connection(3)-192.168.100.59] DEBUG o.s.web.servlet.DispatcherServlet - Detected StandardServletMultipartResolver
2026-05-16 22:10:39 [RMI TCP Connection(3)-192.168.100.59] DEBUG o.s.web.servlet.DispatcherServlet - Detected AcceptHeaderLocaleResolver
2026-05-16 22:10:39 [RMI TCP Connection(3)-192.168.100.59] DEBUG o.s.web.servlet.DispatcherServlet - Detected FixedThemeResolver
2026-05-16 22:10:39 [RMI TCP Connection(3)-192.168.100.59] DEBUG o.s.web.servlet.DispatcherServlet - Detected org.springframework.web.servlet.view.DefaultRequestToViewNameTranslator@60464e01
2026-05-16 22:10:39 [RMI TCP Connection(3)-192.168.100.59] DEBUG o.s.web.servlet.DispatcherServlet - Detected org.springframework.web.servlet.support.SessionFlashMapManager@28176ed3
2026-05-16 22:10:39 [RMI TCP Connection(3)-192.168.100.59] DEBUG o.s.web.servlet.DispatcherServlet - enableLoggingRequestDetails='false': request parameters and headers will be masked to prevent unsafe logging of potentially sensitive data
2026-05-16 22:10:39 [RMI TCP Connection(3)-192.168.100.59] INFO  o.s.web.servlet.DispatcherServlet - Completed initialization in 21 ms
2026-05-16 22:30:35 [restartedMain] INFO  c.r.d.DocumentServiceApplication - Starting DocumentServiceApplication using Java 25 with PID 10800 (C:\Users\AM-FX4100\Documents\GitHub\LeaseFlow\documentService\target\classes started by AM-FX4100 in C:\Users\AM-FX4100\Documents\GitHub\LeaseFlow)
2026-05-16 22:30:35 [restartedMain] DEBUG c.r.d.DocumentServiceApplication - Running with Spring Boot v3.5.6, Spring v6.2.11
2026-05-16 22:30:35 [restartedMain] INFO  c.r.d.DocumentServiceApplication - No active profile set, falling back to 1 default profile: "default"
2026-05-16 22:30:35 [restartedMain] INFO  o.s.b.d.e.DevToolsPropertyDefaultsPostProcessor - Devtools property defaults active! Set 'spring.devtools.add-properties' to 'false' to disable
2026-05-16 22:30:35 [restartedMain] INFO  o.s.b.d.e.DevToolsPropertyDefaultsPostProcessor - For additional web related logging consider setting the 'logging.level.web' property to 'DEBUG'
2026-05-16 22:30:38 [restartedMain] INFO  o.s.d.r.c.RepositoryConfigurationDelegate - Bootstrapping Spring Data JPA repositories in DEFAULT mode.
2026-05-16 22:30:38 [restartedMain] INFO  o.s.d.r.c.RepositoryConfigurationDelegate - Finished Spring Data repository scanning in 274 ms. Found 3 JPA repository interfaces.
2026-05-16 22:30:39 [restartedMain] INFO  o.s.b.w.e.tomcat.TomcatWebServer - Tomcat initialized with port 8083 (http)
2026-05-16 22:30:39 [restartedMain] INFO  o.a.catalina.core.StandardService - Starting service [Tomcat]
2026-05-16 22:30:39 [restartedMain] INFO  o.a.catalina.core.StandardEngine - Starting Servlet engine: [Apache Tomcat/10.1.46]
2026-05-16 22:30:39 [restartedMain] INFO  o.a.c.c.C.[Tomcat].[localhost].[/] - Initializing Spring embedded WebApplicationContext
2026-05-16 22:30:39 [restartedMain] INFO  o.s.b.w.s.c.ServletWebServerApplicationContext - Root WebApplicationContext: initialization completed in 4147 ms
2026-05-16 22:30:40 [restartedMain] DEBUG o.s.w.f.ServerHttpObservationFilter - Filter 'webMvcObservationFilter' configured for use
2026-05-16 22:30:40 [restartedMain] DEBUG o.s.web.filter.CorsFilter - Filter 'corsFilter' configured for use
2026-05-16 22:30:40 [restartedMain] INFO  o.h.jpa.internal.util.LogHelper - HHH000204: Processing PersistenceUnitInfo [name: default]
2026-05-16 22:30:40 [restartedMain] INFO  org.hibernate.Version - HHH000412: Hibernate ORM core version 6.6.29.Final
2026-05-16 22:30:40 [restartedMain] INFO  o.h.c.i.RegionFactoryInitiator - HHH000026: Second-level cache disabled
2026-05-16 22:30:40 [restartedMain] INFO  o.s.o.j.p.SpringPersistenceUnitInfo - No LoadTimeWeaver setup: ignoring JPA class transformer
2026-05-16 22:30:41 [restartedMain] INFO  com.zaxxer.hikari.HikariDataSource - HikariPool-1 - Starting...
2026-05-16 22:30:41 [restartedMain] INFO  com.zaxxer.hikari.pool.HikariPool - HikariPool-1 - Added connection com.mysql.cj.jdbc.ConnectionImpl@46858b14
2026-05-16 22:30:41 [restartedMain] INFO  com.zaxxer.hikari.HikariDataSource - HikariPool-1 - Start completed.
2026-05-16 22:30:41 [restartedMain] WARN  org.hibernate.orm.deprecation - HHH90000025: MySQL8Dialect does not need to be specified explicitly using 'hibernate.dialect' (remove the property setting and it will be selected by default)
2026-05-16 22:30:41 [restartedMain] WARN  org.hibernate.orm.deprecation - HHH90000026: MySQL8Dialect has been deprecated; use org.hibernate.dialect.MySQLDialect instead
2026-05-16 22:30:41 [restartedMain] INFO  o.hibernate.orm.connections.pooling - HHH10001005: Database info:
	Database JDBC URL [Connecting through datasource 'HikariDataSource (HikariPool-1)']
	Database driver: undefined/unknown
	Database version: 8.0
	Autocommit mode: undefined/unknown
	Isolation level: undefined/unknown
	Minimum pool size: undefined/unknown
	Maximum pool size: undefined/unknown
2026-05-16 22:30:46 [restartedMain] INFO  o.h.e.t.j.p.i.JtaPlatformInitiator - HHH000489: No JTA platform available (set 'hibernate.transaction.jta.platform' to enable JTA platform integration)
2026-05-16 22:30:46 [restartedMain] INFO  o.s.o.j.LocalContainerEntityManagerFactoryBean - Initialized JPA EntityManagerFactory for persistence unit 'default'
2026-05-16 22:30:47 [restartedMain] INFO  o.s.d.j.r.query.QueryEnhancerFactory - Hibernate is in classpath; If applicable, HQL parser will be used.
2026-05-16 22:30:49 [restartedMain] WARN  o.s.b.a.o.j.JpaBaseConfiguration$JpaWebConfiguration - spring.jpa.open-in-view is enabled by default. Therefore, database queries may be performed during view rendering. Explicitly configure spring.jpa.open-in-view to disable this warning
2026-05-16 22:30:49 [restartedMain] DEBUG o.s.w.s.m.m.a.RequestMappingHandlerMapping - 25 mappings in 'requestMappingHandlerMapping'
2026-05-16 22:30:49 [restartedMain] DEBUG o.s.w.s.h.SimpleUrlHandlerMapping - Patterns [/webjars/**, /**, /swagger-ui*/*swagger-initializer.js, /swagger-ui*/**] in 'resourceHandlerMapping'
2026-05-16 22:30:50 [restartedMain] DEBUG o.s.w.s.m.m.a.RequestMappingHandlerAdapter - ControllerAdvice beans: 0 @ModelAttribute, 0 @InitBinder, 1 RequestBodyAdvice, 1 ResponseBodyAdvice
2026-05-16 22:30:50 [restartedMain] DEBUG o.s.w.s.m.m.a.ExceptionHandlerExceptionResolver - ControllerAdvice beans: 2 @ExceptionHandler, 1 ResponseBodyAdvice
2026-05-16 22:30:51 [restartedMain] INFO  o.s.b.d.a.OptionalLiveReloadServer - LiveReload server is running on port 35729
2026-05-16 22:30:51 [restartedMain] INFO  o.s.b.a.e.web.EndpointLinksResolver - Exposing 3 endpoints beneath base path '/actuator'
2026-05-16 22:30:51 [restartedMain] INFO  o.s.b.w.e.tomcat.TomcatWebServer - Tomcat started on port 8083 (http) with context path '/'
2026-05-16 22:30:51 [restartedMain] INFO  c.r.d.DocumentServiceApplication - Started DocumentServiceApplication in 17.253 seconds (process running for 18.964)
2026-05-16 22:30:51 [restartedMain] INFO  c.r.d.config.DataInitializerConfig - ========================================================
2026-05-16 22:30:51 [restartedMain] INFO  c.r.d.config.DataInitializerConfig - INICIANDO POBLADO DE DATOS MAESTROS - DOCUMENT SERVICE
2026-05-16 22:30:51 [restartedMain] INFO  c.r.d.config.DataInitializerConfig - ========================================================
2026-05-16 22:30:51 [restartedMain] INFO  c.r.d.config.DataInitializerConfig - Verificando estados de documentos...
2026-05-16 22:30:52 [restartedMain] DEBUG org.hibernate.SQL - 
    select
        count(*) 
    from
        estado e1_0
2026-05-16 22:30:52 [restartedMain] INFO  c.r.d.config.DataInitializerConfig - Estados ya existen (4 registros). Saltando inicializacion.
2026-05-16 22:30:52 [restartedMain] INFO  c.r.d.config.DataInitializerConfig - Verificando tipos de documentos...
2026-05-16 22:30:52 [restartedMain] DEBUG org.hibernate.SQL - 
    select
        count(*) 
    from
        tipo_doc td1_0
2026-05-16 22:30:52 [restartedMain] INFO  c.r.d.config.DataInitializerConfig - Tipos de documento ya existen (6 registros). Saltando inicializacion.
2026-05-16 22:30:52 [restartedMain] INFO  c.r.d.config.DataInitializerConfig - ========================================================
2026-05-16 22:30:52 [restartedMain] INFO  c.r.d.config.DataInitializerConfig - INICIALIZACION COMPLETADA - DOCUMENT SERVICE
2026-05-16 22:30:52 [restartedMain] INFO  c.r.d.config.DataInitializerConfig - ========================================================
2026-05-16 22:30:52 [restartedMain] INFO  c.r.d.config.DataInitializerConfig - Resumen de datos:
2026-05-16 22:30:52 [restartedMain] DEBUG org.hibernate.SQL - 
    select
        count(*) 
    from
        estado e1_0
2026-05-16 22:30:52 [restartedMain] INFO  c.r.d.config.DataInitializerConfig -   - Estados: 4 registros
2026-05-16 22:30:52 [restartedMain] DEBUG org.hibernate.SQL - 
    select
        count(*) 
    from
        tipo_doc td1_0
2026-05-16 22:30:52 [restartedMain] INFO  c.r.d.config.DataInitializerConfig -   - Tipos de Documento: 6 registros
2026-05-16 22:30:52 [restartedMain] INFO  c.r.d.config.DataInitializerConfig - ========================================================
2026-05-16 22:30:52 [restartedMain] INFO  c.r.d.config.DataInitializerConfig - Document Service listo para recibir peticiones
2026-05-16 22:30:52 [restartedMain] INFO  c.r.d.config.DataInitializerConfig - Puerto: 8083
2026-05-16 22:30:52 [restartedMain] INFO  c.r.d.config.DataInitializerConfig - Swagger UI: http://localhost:8083/swagger-ui/index.html
2026-05-16 22:30:52 [restartedMain] INFO  c.r.d.config.DataInitializerConfig - ========================================================
2026-05-16 22:30:52 [restartedMain] INFO  c.r.d.c.DocumentoDataInitializer - ========================================================
2026-05-16 22:30:52 [restartedMain] INFO  c.r.d.c.DocumentoDataInitializer - VERIFICANDO DOCUMENTOS DE PRUEBA - DOCUMENT SERVICE
2026-05-16 22:30:52 [restartedMain] INFO  c.r.d.c.DocumentoDataInitializer - ========================================================
2026-05-16 22:30:52 [restartedMain] DEBUG org.hibernate.SQL - 
    select
        count(*) 
    from
        documentos d1_0
2026-05-16 22:30:52 [restartedMain] DEBUG org.hibernate.SQL - 
    select
        count(*) 
    from
        documentos d1_0
2026-05-16 22:30:52 [restartedMain] INFO  c.r.d.c.DocumentoDataInitializer - Ya existen 14 documentos en la base de datos. Saltando inicializacion.
2026-05-16 22:30:53 [RMI TCP Connection(4)-192.168.100.59] INFO  o.a.c.c.C.[Tomcat].[localhost].[/] - Initializing Spring DispatcherServlet 'dispatcherServlet'
2026-05-16 22:30:53 [RMI TCP Connection(4)-192.168.100.59] INFO  o.s.web.servlet.DispatcherServlet - Initializing Servlet 'dispatcherServlet'
2026-05-16 22:30:53 [RMI TCP Connection(4)-192.168.100.59] DEBUG o.s.web.servlet.DispatcherServlet - Detected StandardServletMultipartResolver
2026-05-16 22:30:53 [RMI TCP Connection(4)-192.168.100.59] DEBUG o.s.web.servlet.DispatcherServlet - Detected AcceptHeaderLocaleResolver
2026-05-16 22:30:53 [RMI TCP Connection(4)-192.168.100.59] DEBUG o.s.web.servlet.DispatcherServlet - Detected FixedThemeResolver
2026-05-16 22:30:53 [RMI TCP Connection(4)-192.168.100.59] DEBUG o.s.web.servlet.DispatcherServlet - Detected org.springframework.web.servlet.view.DefaultRequestToViewNameTranslator@4ca231ad
2026-05-16 22:30:53 [RMI TCP Connection(4)-192.168.100.59] DEBUG o.s.web.servlet.DispatcherServlet - Detected org.springframework.web.servlet.support.SessionFlashMapManager@5f9927b7
2026-05-16 22:30:53 [RMI TCP Connection(4)-192.168.100.59] DEBUG o.s.web.servlet.DispatcherServlet - enableLoggingRequestDetails='false': request parameters and headers will be masked to prevent unsafe logging of potentially sensitive data
2026-05-16 22:30:53 [RMI TCP Connection(4)-192.168.100.59] INFO  o.s.web.servlet.DispatcherServlet - Completed initialization in 4 ms
2026-05-16 22:48:30 [restartedMain] INFO  c.r.d.DocumentServiceApplication - Starting DocumentServiceApplication using Java 25 with PID 10248 (C:\Users\AM-FX4100\Documents\GitHub\LeaseFlow\documentService\target\classes started by AM-FX4100 in C:\Users\AM-FX4100\Documents\GitHub\LeaseFlow)
2026-05-16 22:48:30 [restartedMain] DEBUG c.r.d.DocumentServiceApplication - Running with Spring Boot v3.5.6, Spring v6.2.11
2026-05-16 22:48:30 [restartedMain] INFO  c.r.d.DocumentServiceApplication - No active profile set, falling back to 1 default profile: "default"
2026-05-16 22:48:30 [restartedMain] INFO  o.s.b.d.e.DevToolsPropertyDefaultsPostProcessor - Devtools property defaults active! Set 'spring.devtools.add-properties' to 'false' to disable
2026-05-16 22:48:30 [restartedMain] INFO  o.s.b.d.e.DevToolsPropertyDefaultsPostProcessor - For additional web related logging consider setting the 'logging.level.web' property to 'DEBUG'
2026-05-16 22:48:32 [restartedMain] INFO  o.s.d.r.c.RepositoryConfigurationDelegate - Bootstrapping Spring Data JPA repositories in DEFAULT mode.
2026-05-16 22:48:32 [restartedMain] INFO  o.s.d.r.c.RepositoryConfigurationDelegate - Finished Spring Data repository scanning in 281 ms. Found 3 JPA repository interfaces.
2026-05-16 22:48:33 [restartedMain] INFO  o.s.b.w.e.tomcat.TomcatWebServer - Tomcat initialized with port 8083 (http)
2026-05-16 22:48:33 [restartedMain] INFO  o.a.catalina.core.StandardService - Starting service [Tomcat]
2026-05-16 22:48:33 [restartedMain] INFO  o.a.catalina.core.StandardEngine - Starting Servlet engine: [Apache Tomcat/10.1.46]
2026-05-16 22:48:33 [restartedMain] INFO  o.a.c.c.C.[Tomcat].[localhost].[/] - Initializing Spring embedded WebApplicationContext
2026-05-16 22:48:33 [restartedMain] INFO  o.s.b.w.s.c.ServletWebServerApplicationContext - Root WebApplicationContext: initialization completed in 3703 ms
2026-05-16 22:48:34 [restartedMain] DEBUG o.s.w.f.ServerHttpObservationFilter - Filter 'webMvcObservationFilter' configured for use
2026-05-16 22:48:34 [restartedMain] DEBUG o.s.web.filter.CorsFilter - Filter 'corsFilter' configured for use
2026-05-16 22:48:34 [restartedMain] INFO  o.h.jpa.internal.util.LogHelper - HHH000204: Processing PersistenceUnitInfo [name: default]
2026-05-16 22:48:34 [restartedMain] INFO  org.hibernate.Version - HHH000412: Hibernate ORM core version 6.6.29.Final
2026-05-16 22:48:34 [restartedMain] INFO  o.h.c.i.RegionFactoryInitiator - HHH000026: Second-level cache disabled
2026-05-16 22:48:35 [restartedMain] INFO  o.s.o.j.p.SpringPersistenceUnitInfo - No LoadTimeWeaver setup: ignoring JPA class transformer
2026-05-16 22:48:35 [restartedMain] INFO  com.zaxxer.hikari.HikariDataSource - HikariPool-1 - Starting...
2026-05-16 22:48:35 [restartedMain] INFO  com.zaxxer.hikari.pool.HikariPool - HikariPool-1 - Added connection com.mysql.cj.jdbc.ConnectionImpl@7d58edd7
2026-05-16 22:48:35 [restartedMain] INFO  com.zaxxer.hikari.HikariDataSource - HikariPool-1 - Start completed.
2026-05-16 22:48:35 [restartedMain] WARN  org.hibernate.orm.deprecation - HHH90000025: MySQL8Dialect does not need to be specified explicitly using 'hibernate.dialect' (remove the property setting and it will be selected by default)
2026-05-16 22:48:35 [restartedMain] WARN  org.hibernate.orm.deprecation - HHH90000026: MySQL8Dialect has been deprecated; use org.hibernate.dialect.MySQLDialect instead
2026-05-16 22:48:35 [restartedMain] INFO  o.hibernate.orm.connections.pooling - HHH10001005: Database info:
	Database JDBC URL [Connecting through datasource 'HikariDataSource (HikariPool-1)']
	Database driver: undefined/unknown
	Database version: 8.0
	Autocommit mode: undefined/unknown
	Isolation level: undefined/unknown
	Minimum pool size: undefined/unknown
	Maximum pool size: undefined/unknown
2026-05-16 22:48:38 [restartedMain] INFO  o.h.e.t.j.p.i.JtaPlatformInitiator - HHH000489: No JTA platform available (set 'hibernate.transaction.jta.platform' to enable JTA platform integration)
2026-05-16 22:48:38 [restartedMain] INFO  o.s.o.j.LocalContainerEntityManagerFactoryBean - Initialized JPA EntityManagerFactory for persistence unit 'default'
2026-05-16 22:48:39 [restartedMain] INFO  o.s.d.j.r.query.QueryEnhancerFactory - Hibernate is in classpath; If applicable, HQL parser will be used.
2026-05-16 22:48:40 [restartedMain] WARN  o.s.b.a.o.j.JpaBaseConfiguration$JpaWebConfiguration - spring.jpa.open-in-view is enabled by default. Therefore, database queries may be performed during view rendering. Explicitly configure spring.jpa.open-in-view to disable this warning
2026-05-16 22:48:41 [restartedMain] DEBUG o.s.w.s.m.m.a.RequestMappingHandlerMapping - 25 mappings in 'requestMappingHandlerMapping'
2026-05-16 22:48:41 [restartedMain] DEBUG o.s.w.s.h.SimpleUrlHandlerMapping - Patterns [/webjars/**, /**, /swagger-ui*/*swagger-initializer.js, /swagger-ui*/**] in 'resourceHandlerMapping'
2026-05-16 22:48:41 [restartedMain] DEBUG o.s.w.s.m.m.a.RequestMappingHandlerAdapter - ControllerAdvice beans: 0 @ModelAttribute, 0 @InitBinder, 1 RequestBodyAdvice, 1 ResponseBodyAdvice
2026-05-16 22:48:41 [restartedMain] DEBUG o.s.w.s.m.m.a.ExceptionHandlerExceptionResolver - ControllerAdvice beans: 2 @ExceptionHandler, 1 ResponseBodyAdvice
2026-05-16 22:48:42 [restartedMain] WARN  o.s.b.d.a.OptionalLiveReloadServer - Unable to start LiveReload server
2026-05-16 22:48:42 [restartedMain] INFO  o.s.b.a.e.web.EndpointLinksResolver - Exposing 3 endpoints beneath base path '/actuator'
2026-05-16 22:48:42 [restartedMain] INFO  o.s.b.w.e.tomcat.TomcatWebServer - Tomcat started on port 8083 (http) with context path '/'
2026-05-16 22:48:42 [restartedMain] INFO  c.r.d.DocumentServiceApplication - Started DocumentServiceApplication in 13.223 seconds (process running for 14.761)
2026-05-16 22:48:42 [restartedMain] INFO  c.r.d.config.DataInitializerConfig - ========================================================
2026-05-16 22:48:42 [restartedMain] INFO  c.r.d.config.DataInitializerConfig - INICIANDO POBLADO DE DATOS MAESTROS - DOCUMENT SERVICE
2026-05-16 22:48:42 [restartedMain] INFO  c.r.d.config.DataInitializerConfig - ========================================================
2026-05-16 22:48:42 [restartedMain] INFO  c.r.d.config.DataInitializerConfig - Verificando estados de documentos...
2026-05-16 22:48:42 [restartedMain] DEBUG org.hibernate.SQL - 
    select
        count(*) 
    from
        estado e1_0
2026-05-16 22:48:42 [restartedMain] INFO  c.r.d.config.DataInitializerConfig - Estados ya existen (4 registros). Saltando inicializacion.
2026-05-16 22:48:42 [restartedMain] INFO  c.r.d.config.DataInitializerConfig - Verificando tipos de documentos...
2026-05-16 22:48:42 [restartedMain] DEBUG org.hibernate.SQL - 
    select
        count(*) 
    from
        tipo_doc td1_0
2026-05-16 22:48:42 [restartedMain] INFO  c.r.d.config.DataInitializerConfig - Tipos de documento ya existen (6 registros). Saltando inicializacion.
2026-05-16 22:48:42 [restartedMain] INFO  c.r.d.config.DataInitializerConfig - ========================================================
2026-05-16 22:48:42 [restartedMain] INFO  c.r.d.config.DataInitializerConfig - INICIALIZACION COMPLETADA - DOCUMENT SERVICE
2026-05-16 22:48:42 [restartedMain] INFO  c.r.d.config.DataInitializerConfig - ========================================================
2026-05-16 22:48:42 [restartedMain] INFO  c.r.d.config.DataInitializerConfig - Resumen de datos:
2026-05-16 22:48:42 [restartedMain] DEBUG org.hibernate.SQL - 
    select
        count(*) 
    from
        estado e1_0
2026-05-16 22:48:42 [restartedMain] INFO  c.r.d.config.DataInitializerConfig -   - Estados: 4 registros
2026-05-16 22:48:42 [restartedMain] DEBUG org.hibernate.SQL - 
    select
        count(*) 
    from
        tipo_doc td1_0
2026-05-16 22:48:42 [restartedMain] INFO  c.r.d.config.DataInitializerConfig -   - Tipos de Documento: 6 registros
2026-05-16 22:48:42 [restartedMain] INFO  c.r.d.config.DataInitializerConfig - ========================================================
2026-05-16 22:48:42 [restartedMain] INFO  c.r.d.config.DataInitializerConfig - Document Service listo para recibir peticiones
2026-05-16 22:48:42 [restartedMain] INFO  c.r.d.config.DataInitializerConfig - Puerto: 8083
2026-05-16 22:48:42 [restartedMain] INFO  c.r.d.config.DataInitializerConfig - Swagger UI: http://localhost:8083/swagger-ui/index.html
2026-05-16 22:48:42 [restartedMain] INFO  c.r.d.config.DataInitializerConfig - ========================================================
2026-05-16 22:48:42 [restartedMain] INFO  c.r.d.c.DocumentoDataInitializer - ========================================================
2026-05-16 22:48:42 [restartedMain] INFO  c.r.d.c.DocumentoDataInitializer - VERIFICANDO DOCUMENTOS DE PRUEBA - DOCUMENT SERVICE
2026-05-16 22:48:42 [restartedMain] INFO  c.r.d.c.DocumentoDataInitializer - ========================================================
2026-05-16 22:48:42 [restartedMain] DEBUG org.hibernate.SQL - 
    select
        count(*) 
    from
        documentos d1_0
2026-05-16 22:48:42 [restartedMain] DEBUG org.hibernate.SQL - 
    select
        count(*) 
    from
        documentos d1_0
2026-05-16 22:48:42 [restartedMain] INFO  c.r.d.c.DocumentoDataInitializer - Ya existen 14 documentos en la base de datos. Saltando inicializacion.
2026-05-16 22:48:43 [RMI TCP Connection(2)-192.168.100.59] INFO  o.a.c.c.C.[Tomcat].[localhost].[/] - Initializing Spring DispatcherServlet 'dispatcherServlet'
2026-05-16 22:48:43 [RMI TCP Connection(2)-192.168.100.59] INFO  o.s.web.servlet.DispatcherServlet - Initializing Servlet 'dispatcherServlet'
2026-05-16 22:48:43 [RMI TCP Connection(2)-192.168.100.59] DEBUG o.s.web.servlet.DispatcherServlet - Detected StandardServletMultipartResolver
2026-05-16 22:48:43 [RMI TCP Connection(2)-192.168.100.59] DEBUG o.s.web.servlet.DispatcherServlet - Detected AcceptHeaderLocaleResolver
2026-05-16 22:48:43 [RMI TCP Connection(2)-192.168.100.59] DEBUG o.s.web.servlet.DispatcherServlet - Detected FixedThemeResolver
2026-05-16 22:48:43 [RMI TCP Connection(2)-192.168.100.59] DEBUG o.s.web.servlet.DispatcherServlet - Detected org.springframework.web.servlet.view.DefaultRequestToViewNameTranslator@53fdd4c9
2026-05-16 22:48:43 [RMI TCP Connection(2)-192.168.100.59] DEBUG o.s.web.servlet.DispatcherServlet - Detected org.springframework.web.servlet.support.SessionFlashMapManager@7a9c84b1
2026-05-16 22:48:43 [RMI TCP Connection(2)-192.168.100.59] DEBUG o.s.web.servlet.DispatcherServlet - enableLoggingRequestDetails='false': request parameters and headers will be masked to prevent unsafe logging of potentially sensitive data
2026-05-16 22:48:43 [RMI TCP Connection(2)-192.168.100.59] INFO  o.s.web.servlet.DispatcherServlet - Completed initialization in 4 ms
